Analysis & Synthesis report for alu
Sun Jul 02 18:49:30 2023
Quartus II 64-Bit Version 13.1.0 Build 162 10/23/2013 SJ Web Edition


---------------------
; Table of Contents ;
---------------------
  1. Legal Notice
  2. Analysis & Synthesis Summary
  3. Analysis & Synthesis Settings
  4. Parallel Compilation
  5. Analysis & Synthesis Source Files Read
  6. Analysis & Synthesis Resource Usage Summary
  7. Analysis & Synthesis Resource Utilization by Entity
  8. General Register Statistics
  9. Multiplexer Restructuring Statistics (Restructuring Performed)
 10. Parameter Settings for User Entity Instance: Top-level Entity: |alu
 11. Parameter Settings for User Entity Instance: logic_module:MOD_1
 12. Parameter Settings for User Entity Instance: logic_module:MOD_1|mux4:L_MUX
 13. Parameter Settings for User Entity Instance: arithmetic_module:MOD_0
 14. Parameter Settings for User Entity Instance: arithmetic_module:MOD_0|mux4:B_MUX
 15. Parameter Settings for User Entity Instance: arithmetic_module:MOD_0|adder:ADDER
 16. Parameter Settings for User Entity Instance: mux2:MUX_0
 17. Parameter Settings for User Entity Instance: flag_circuit:FC_0
 18. Port Connectivity Checks: "arithmetic_module:MOD_0|mux4:B_MUX"
 19. Elapsed Time Per Partition
 20. Analysis & Synthesis Messages



----------------
; Legal Notice ;
----------------
Copyright (C) 1991-2013 Altera Corporation
Your use of Altera Corporation's design tools, logic functions 
and other software and tools, and its AMPP partner logic 
functions, and any output files from any of the foregoing 
(including device programming or simulation files), and any 
associated documentation or information are expressly subject 
to the terms and conditions of the Altera Program License 
Subscription Agreement, Altera MegaCore Function License 
Agreement, or other applicable license agreement, including, 
without limitation, that your use is for the sole purpose of 
programming logic devices manufactured by Altera and sold by 
Altera or its authorized distributors.  Please refer to the 
applicable agreement for further details.



+---------------------------------------------------------------------------------+
; Analysis & Synthesis Summary                                                    ;
+------------------------------------+--------------------------------------------+
; Analysis & Synthesis Status        ; Successful - Sun Jul 02 18:49:30 2023      ;
; Quartus II 64-Bit Version          ; 13.1.0 Build 162 10/23/2013 SJ Web Edition ;
; Revision Name                      ; alu                                        ;
; Top-level Entity Name              ; alu                                        ;
; Family                             ; Cyclone III                                ;
; Total logic elements               ; 103                                        ;
;     Total combinational functions  ; 103                                        ;
;     Dedicated logic registers      ; 0                                          ;
; Total registers                    ; 0                                          ;
; Total pins                         ; 56                                         ;
; Total virtual pins                 ; 0                                          ;
; Total memory bits                  ; 0                                          ;
; Embedded Multiplier 9-bit elements ; 0                                          ;
; Total PLLs                         ; 0                                          ;
+------------------------------------+--------------------------------------------+


+----------------------------------------------------------------------------------------------------------------------+
; Analysis & Synthesis Settings                                                                                        ;
+----------------------------------------------------------------------------+--------------------+--------------------+
; Option                                                                     ; Setting            ; Default Value      ;
+----------------------------------------------------------------------------+--------------------+--------------------+
; Device                                                                     ; EP3C16F484C6       ;                    ;
; Top-level entity name                                                      ; alu                ; alu                ;
; Family name                                                                ; Cyclone III        ; Cyclone IV GX      ;
; Use smart compilation                                                      ; Off                ; Off                ;
; Enable parallel Assembler and TimeQuest Timing Analyzer during compilation ; On                 ; On                 ;
; Enable compact report table                                                ; Off                ; Off                ;
; Restructure Multiplexers                                                   ; Auto               ; Auto               ;
; Create Debugging Nodes for IP Cores                                        ; Off                ; Off                ;
; Preserve fewer node names                                                  ; On                 ; On                 ;
; Disable OpenCore Plus hardware evaluation                                  ; Off                ; Off                ;
; Verilog Version                                                            ; Verilog_2001       ; Verilog_2001       ;
; VHDL Version                                                               ; VHDL_1993          ; VHDL_1993          ;
; State Machine Processing                                                   ; Auto               ; Auto               ;
; Safe State Machine                                                         ; Off                ; Off                ;
; Extract Verilog State Machines                                             ; On                 ; On                 ;
; Extract VHDL State Machines                                                ; On                 ; On                 ;
; Ignore Verilog initial constructs                                          ; Off                ; Off                ;
; Iteration limit for constant Verilog loops                                 ; 5000               ; 5000               ;
; Iteration limit for non-constant Verilog loops                             ; 250                ; 250                ;
; Add Pass-Through Logic to Inferred RAMs                                    ; On                 ; On                 ;
; Infer RAMs from Raw Logic                                                  ; On                 ; On                 ;
; Parallel Synthesis                                                         ; On                 ; On                 ;
; DSP Block Balancing                                                        ; Auto               ; Auto               ;
; NOT Gate Push-Back                                                         ; On                 ; On                 ;
; Power-Up Don't Care                                                        ; On                 ; On                 ;
; Remove Redundant Logic Cells                                               ; Off                ; Off                ;
; Remove Duplicate Registers                                                 ; On                 ; On                 ;
; Ignore CARRY Buffers                                                       ; Off                ; Off                ;
; Ignore CASCADE Buffers                                                     ; Off                ; Off                ;
; Ignore GLOBAL Buffers                                                      ; Off                ; Off                ;
; Ignore ROW GLOBAL Buffers                                                  ; Off                ; Off                ;
; Ignore LCELL Buffers                                                       ; Off                ; Off                ;
; Ignore SOFT Buffers                                                        ; On                 ; On                 ;
; Limit AHDL Integers to 32 Bits                                             ; Off                ; Off                ;
; Optimization Technique                                                     ; Balanced           ; Balanced           ;
; Carry Chain Length                                                         ; 70                 ; 70                 ;
; Auto Carry Chains                                                          ; On                 ; On                 ;
; Auto Open-Drain Pins                                                       ; On                 ; On                 ;
; Perform WYSIWYG Primitive Resynthesis                                      ; Off                ; Off                ;
; Auto ROM Replacement                                                       ; On                 ; On                 ;
; Auto RAM Replacement                                                       ; On                 ; On                 ;
; Auto DSP Block Replacement                                                 ; On                 ; On                 ;
; Auto Shift Register Replacement                                            ; Auto               ; Auto               ;
; Allow Shift Register Merging across Hierarchies                            ; Auto               ; Auto               ;
; Auto Clock Enable Replacement                                              ; On                 ; On                 ;
; Strict RAM Replacement                                                     ; Off                ; Off                ;
; Allow Synchronous Control Signals                                          ; On                 ; On                 ;
; Force Use of Synchronous Clear Signals                                     ; Off                ; Off                ;
; Auto RAM Block Balancing                                                   ; On                 ; On                 ;
; Auto RAM to Logic Cell Conversion                                          ; Off                ; Off                ;
; Auto Resource Sharing                                                      ; Off                ; Off                ;
; Allow Any RAM Size For Recognition                                         ; Off                ; Off                ;
; Allow Any ROM Size For Recognition                                         ; Off                ; Off                ;
; Allow Any Shift Register Size For Recognition                              ; Off                ; Off                ;
; Use LogicLock Constraints during Resource Balancing                        ; On                 ; On                 ;
; Ignore translate_off and synthesis_off directives                          ; Off                ; Off                ;
; Timing-Driven Synthesis                                                    ; On                 ; On                 ;
; Report Parameter Settings                                                  ; On                 ; On                 ;
; Report Source Assignments                                                  ; On                 ; On                 ;
; Report Connectivity Checks                                                 ; On                 ; On                 ;
; Ignore Maximum Fan-Out Assignments                                         ; Off                ; Off                ;
; Synchronization Register Chain Length                                      ; 2                  ; 2                  ;
; PowerPlay Power Optimization                                               ; Normal compilation ; Normal compilation ;
; HDL message level                                                          ; Level2             ; Level2             ;
; Suppress Register Optimization Related Messages                            ; Off                ; Off                ;
; Number of Removed Registers Reported in Synthesis Report                   ; 5000               ; 5000               ;
; Number of Swept Nodes Reported in Synthesis Report                         ; 5000               ; 5000               ;
; Number of Inverted Registers Reported in Synthesis Report                  ; 100                ; 100                ;
; Clock MUX Protection                                                       ; On                 ; On                 ;
; Auto Gated Clock Conversion                                                ; Off                ; Off                ;
; Block Design Naming                                                        ; Auto               ; Auto               ;
; SDC constraint protection                                                  ; Off                ; Off                ;
; Synthesis Effort                                                           ; Auto               ; Auto               ;
; Shift Register Replacement - Allow Asynchronous Clear Signal               ; On                 ; On                 ;
; Pre-Mapping Resynthesis Optimization                                       ; Off                ; Off                ;
; Analysis & Synthesis Message Level                                         ; Medium             ; Medium             ;
; Disable Register Merging Across Hierarchies                                ; Auto               ; Auto               ;
; Resource Aware Inference For Block RAM                                     ; On                 ; On                 ;
; Synthesis Seed                                                             ; 1                  ; 1                  ;
+----------------------------------------------------------------------------+--------------------+--------------------+


Parallel compilation was disabled, but you have multiple processors available. Enable parallel compilation to reduce compilation time.
+-------------------------------------+
; Parallel Compilation                ;
+----------------------------+--------+
; Processors                 ; Number ;
+----------------------------+--------+
; Number detected on machine ; 8      ;
; Maximum allowed            ; 1      ;
+----------------------------+--------+


+------------------------------------------------------------------------------------------------------------------------------------------------------+
; Analysis & Synthesis Source Files Read                                                                                                               ;
+----------------------------------+-----------------+------------------------+--------------------------------------------------------------+---------+
; File Name with User-Entered Path ; Used in Netlist ; File Type              ; File Name with Absolute Path                                 ; Library ;
+----------------------------------+-----------------+------------------------+--------------------------------------------------------------+---------+
; ../src/half_adder.v              ; yes             ; User Verilog HDL File  ; C:/Users/luand/f/ufsc/20231/ldh/lab5/src/half_adder.v        ;         ;
; ../src/full_adder.v              ; yes             ; User Verilog HDL File  ; C:/Users/luand/f/ufsc/20231/ldh/lab5/src/full_adder.v        ;         ;
; ../src/adder.v                   ; yes             ; User Verilog HDL File  ; C:/Users/luand/f/ufsc/20231/ldh/lab5/src/adder.v             ;         ;
; ../src/mux4.v                    ; yes             ; User Verilog HDL File  ; C:/Users/luand/f/ufsc/20231/ldh/lab5/src/mux4.v              ;         ;
; ../src/mux2.v                    ; yes             ; User Verilog HDL File  ; C:/Users/luand/f/ufsc/20231/ldh/lab5/src/mux2.v              ;         ;
; ../src/logic_module.v            ; yes             ; User Verilog HDL File  ; C:/Users/luand/f/ufsc/20231/ldh/lab5/src/logic_module.v      ;         ;
; ../src/flag_circuit.v            ; yes             ; User Verilog HDL File  ; C:/Users/luand/f/ufsc/20231/ldh/lab5/src/flag_circuit.v      ;         ;
; ../src/arithmetic_module.v       ; yes             ; User Verilog HDL File  ; C:/Users/luand/f/ufsc/20231/ldh/lab5/src/arithmetic_module.v ;         ;
; ../src/alu.v                     ; yes             ; User Verilog HDL File  ; C:/Users/luand/f/ufsc/20231/ldh/lab5/src/alu.v               ;         ;
+----------------------------------+-----------------+------------------------+--------------------------------------------------------------+---------+


+---------------------------------------------------------------+
; Analysis & Synthesis Resource Usage Summary                   ;
+---------------------------------------------+-----------------+
; Resource                                    ; Usage           ;
+---------------------------------------------+-----------------+
; Estimated Total logic elements              ; 103             ;
;                                             ;                 ;
; Total combinational functions               ; 103             ;
; Logic element usage by number of LUT inputs ;                 ;
;     -- 4 input functions                    ; 25              ;
;     -- 3 input functions                    ; 76              ;
;     -- <=2 input functions                  ; 2               ;
;                                             ;                 ;
; Logic elements by mode                      ;                 ;
;     -- normal mode                          ; 88              ;
;     -- arithmetic mode                      ; 15              ;
;                                             ;                 ;
; Total registers                             ; 0               ;
;     -- Dedicated logic registers            ; 0               ;
;     -- I/O registers                        ; 0               ;
;                                             ;                 ;
; I/O pins                                    ; 56              ;
; Embedded Multiplier 9-bit elements          ; 0               ;
; Maximum fan-out node                        ; select[0]~input ;
; Maximum fan-out                             ; 49              ;
; Total fan-out                               ; 408             ;
; Average fan-out                             ; 1.90            ;
+---------------------------------------------+-----------------+


+----------------------------------------------------------------------------------------------------------------------------------------------------------------------------------------------------------------------------------------------------------+
; Analysis & Synthesis Resource Utilization by Entity                                                                                                                                                                                                      ;
+----------------------------------------+-------------------+--------------+-------------+--------------+---------+-----------+------+--------------+--------------------------------------------------------------------------------------+--------------+
; Compilation Hierarchy Node             ; LC Combinationals ; LC Registers ; Memory Bits ; DSP Elements ; DSP 9x9 ; DSP 18x18 ; Pins ; Virtual Pins ; Full Hierarchy Name                                                                  ; Library Name ;
+----------------------------------------+-------------------+--------------+-------------+--------------+---------+-----------+------+--------------+--------------------------------------------------------------------------------------+--------------+
; |alu                                   ; 103 (0)           ; 0 (0)        ; 0           ; 0            ; 0       ; 0         ; 56   ; 0            ; |alu                                                                                 ; work         ;
;    |arithmetic_module:MOD_0|           ; 65 (17)           ; 0 (0)        ; 0           ; 0            ; 0       ; 0         ; 0    ; 0            ; |alu|arithmetic_module:MOD_0                                                         ; work         ;
;       |adder:ADDER|                    ; 33 (0)            ; 0 (0)        ; 0           ; 0            ; 0       ; 0         ; 0    ; 0            ; |alu|arithmetic_module:MOD_0|adder:ADDER                                             ; work         ;
;          |full_adder:gen_adder[0].FA|  ; 2 (1)             ; 0 (0)        ; 0           ; 0            ; 0       ; 0         ; 0    ; 0            ; |alu|arithmetic_module:MOD_0|adder:ADDER|full_adder:gen_adder[0].FA                  ; work         ;
;             |half_adder:HA_1|          ; 1 (1)             ; 0 (0)        ; 0           ; 0            ; 0       ; 0         ; 0    ; 0            ; |alu|arithmetic_module:MOD_0|adder:ADDER|full_adder:gen_adder[0].FA|half_adder:HA_1  ; work         ;
;          |full_adder:gen_adder[10].FA| ; 2 (1)             ; 0 (0)        ; 0           ; 0            ; 0       ; 0         ; 0    ; 0            ; |alu|arithmetic_module:MOD_0|adder:ADDER|full_adder:gen_adder[10].FA                 ; work         ;
;             |half_adder:HA_1|          ; 1 (1)             ; 0 (0)        ; 0           ; 0            ; 0       ; 0         ; 0    ; 0            ; |alu|arithmetic_module:MOD_0|adder:ADDER|full_adder:gen_adder[10].FA|half_adder:HA_1 ; work         ;
;          |full_adder:gen_adder[11].FA| ; 2 (1)             ; 0 (0)        ; 0           ; 0            ; 0       ; 0         ; 0    ; 0            ; |alu|arithmetic_module:MOD_0|adder:ADDER|full_adder:gen_adder[11].FA                 ; work         ;
;             |half_adder:HA_1|          ; 1 (1)             ; 0 (0)        ; 0           ; 0            ; 0       ; 0         ; 0    ; 0            ; |alu|arithmetic_module:MOD_0|adder:ADDER|full_adder:gen_adder[11].FA|half_adder:HA_1 ; work         ;
;          |full_adder:gen_adder[12].FA| ; 2 (1)             ; 0 (0)        ; 0           ; 0            ; 0       ; 0         ; 0    ; 0            ; |alu|arithmetic_module:MOD_0|adder:ADDER|full_adder:gen_adder[12].FA                 ; work         ;
;             |half_adder:HA_1|          ; 1 (1)             ; 0 (0)        ; 0           ; 0            ; 0       ; 0         ; 0    ; 0            ; |alu|arithmetic_module:MOD_0|adder:ADDER|full_adder:gen_adder[12].FA|half_adder:HA_1 ; work         ;
;          |full_adder:gen_adder[13].FA| ; 2 (1)             ; 0 (0)        ; 0           ; 0            ; 0       ; 0         ; 0    ; 0            ; |alu|arithmetic_module:MOD_0|adder:ADDER|full_adder:gen_adder[13].FA                 ; work         ;
;             |half_adder:HA_1|          ; 1 (1)             ; 0 (0)        ; 0           ; 0            ; 0       ; 0         ; 0    ; 0            ; |alu|arithmetic_module:MOD_0|adder:ADDER|full_adder:gen_adder[13].FA|half_adder:HA_1 ; work         ;
;          |full_adder:gen_adder[14].FA| ; 2 (1)             ; 0 (0)        ; 0           ; 0            ; 0       ; 0         ; 0    ; 0            ; |alu|arithmetic_module:MOD_0|adder:ADDER|full_adder:gen_adder[14].FA                 ; work         ;
;             |half_adder:HA_1|          ; 1 (1)             ; 0 (0)        ; 0           ; 0            ; 0       ; 0         ; 0    ; 0            ; |alu|arithmetic_module:MOD_0|adder:ADDER|full_adder:gen_adder[14].FA|half_adder:HA_1 ; work         ;
;          |full_adder:gen_adder[15].FA| ; 3 (1)             ; 0 (0)        ; 0           ; 0            ; 0       ; 0         ; 0    ; 0            ; |alu|arithmetic_module:MOD_0|adder:ADDER|full_adder:gen_adder[15].FA                 ; work         ;
;             |half_adder:HA_1|          ; 2 (2)             ; 0 (0)        ; 0           ; 0            ; 0       ; 0         ; 0    ; 0            ; |alu|arithmetic_module:MOD_0|adder:ADDER|full_adder:gen_adder[15].FA|half_adder:HA_1 ; work         ;
;          |full_adder:gen_adder[1].FA|  ; 2 (1)             ; 0 (0)        ; 0           ; 0            ; 0       ; 0         ; 0    ; 0            ; |alu|arithmetic_module:MOD_0|adder:ADDER|full_adder:gen_adder[1].FA                  ; work         ;
;             |half_adder:HA_1|          ; 1 (1)             ; 0 (0)        ; 0           ; 0            ; 0       ; 0         ; 0    ; 0            ; |alu|arithmetic_module:MOD_0|adder:ADDER|full_adder:gen_adder[1].FA|half_adder:HA_1  ; work         ;
;          |full_adder:gen_adder[2].FA|  ; 2 (1)             ; 0 (0)        ; 0           ; 0            ; 0       ; 0         ; 0    ; 0            ; |alu|arithmetic_module:MOD_0|adder:ADDER|full_adder:gen_adder[2].FA                  ; work         ;
;             |half_adder:HA_1|          ; 1 (1)             ; 0 (0)        ; 0           ; 0            ; 0       ; 0         ; 0    ; 0            ; |alu|arithmetic_module:MOD_0|adder:ADDER|full_adder:gen_adder[2].FA|half_adder:HA_1  ; work         ;
;          |full_adder:gen_adder[3].FA|  ; 2 (1)             ; 0 (0)        ; 0           ; 0            ; 0       ; 0         ; 0    ; 0            ; |alu|arithmetic_module:MOD_0|adder:ADDER|full_adder:gen_adder[3].FA                  ; work         ;
;             |half_adder:HA_1|          ; 1 (1)             ; 0 (0)        ; 0           ; 0            ; 0       ; 0         ; 0    ; 0            ; |alu|arithmetic_module:MOD_0|adder:ADDER|full_adder:gen_adder[3].FA|half_adder:HA_1  ; work         ;
;          |full_adder:gen_adder[4].FA|  ; 2 (1)             ; 0 (0)        ; 0           ; 0            ; 0       ; 0         ; 0    ; 0            ; |alu|arithmetic_module:MOD_0|adder:ADDER|full_adder:gen_adder[4].FA                  ; work         ;
;             |half_adder:HA_1|          ; 1 (1)             ; 0 (0)        ; 0           ; 0            ; 0       ; 0         ; 0    ; 0            ; |alu|arithmetic_module:MOD_0|adder:ADDER|full_adder:gen_adder[4].FA|half_adder:HA_1  ; work         ;
;          |full_adder:gen_adder[5].FA|  ; 2 (1)             ; 0 (0)        ; 0           ; 0            ; 0       ; 0         ; 0    ; 0            ; |alu|arithmetic_module:MOD_0|adder:ADDER|full_adder:gen_adder[5].FA                  ; work         ;
;             |half_adder:HA_1|          ; 1 (1)             ; 0 (0)        ; 0           ; 0            ; 0       ; 0         ; 0    ; 0            ; |alu|arithmetic_module:MOD_0|adder:ADDER|full_adder:gen_adder[5].FA|half_adder:HA_1  ; work         ;
;          |full_adder:gen_adder[6].FA|  ; 2 (1)             ; 0 (0)        ; 0           ; 0            ; 0       ; 0         ; 0    ; 0            ; |alu|arithmetic_module:MOD_0|adder:ADDER|full_adder:gen_adder[6].FA                  ; work         ;
;             |half_adder:HA_1|          ; 1 (1)             ; 0 (0)        ; 0           ; 0            ; 0       ; 0         ; 0    ; 0            ; |alu|arithmetic_module:MOD_0|adder:ADDER|full_adder:gen_adder[6].FA|half_adder:HA_1  ; work         ;
;          |full_adder:gen_adder[7].FA|  ; 2 (1)             ; 0 (0)        ; 0           ; 0            ; 0       ; 0         ; 0    ; 0            ; |alu|arithmetic_module:MOD_0|adder:ADDER|full_adder:gen_adder[7].FA                  ; work         ;
;             |half_adder:HA_1|          ; 1 (1)             ; 0 (0)        ; 0           ; 0            ; 0       ; 0         ; 0    ; 0            ; |alu|arithmetic_module:MOD_0|adder:ADDER|full_adder:gen_adder[7].FA|half_adder:HA_1  ; work         ;
;          |full_adder:gen_adder[8].FA|  ; 2 (1)             ; 0 (0)        ; 0           ; 0            ; 0       ; 0         ; 0    ; 0            ; |alu|arithmetic_module:MOD_0|adder:ADDER|full_adder:gen_adder[8].FA                  ; work         ;
;             |half_adder:HA_1|          ; 1 (1)             ; 0 (0)        ; 0           ; 0            ; 0       ; 0         ; 0    ; 0            ; |alu|arithmetic_module:MOD_0|adder:ADDER|full_adder:gen_adder[8].FA|half_adder:HA_1  ; work         ;
;          |full_adder:gen_adder[9].FA|  ; 2 (1)             ; 0 (0)        ; 0           ; 0            ; 0       ; 0         ; 0    ; 0            ; |alu|arithmetic_module:MOD_0|adder:ADDER|full_adder:gen_adder[9].FA                  ; work         ;
;             |half_adder:HA_1|          ; 1 (1)             ; 0 (0)        ; 0           ; 0            ; 0       ; 0         ; 0    ; 0            ; |alu|arithmetic_module:MOD_0|adder:ADDER|full_adder:gen_adder[9].FA|half_adder:HA_1  ; work         ;
;       |mux4:B_MUX|                     ; 15 (15)           ; 0 (0)        ; 0           ; 0            ; 0       ; 0         ; 0    ; 0            ; |alu|arithmetic_module:MOD_0|mux4:B_MUX                                              ; work         ;
;    |flag_circuit:FC_0|                 ; 6 (6)             ; 0 (0)        ; 0           ; 0            ; 0       ; 0         ; 0    ; 0            ; |alu|flag_circuit:FC_0                                                               ; work         ;
;    |mux2:MUX_0|                        ; 32 (32)           ; 0 (0)        ; 0           ; 0            ; 0       ; 0         ; 0    ; 0            ; |alu|mux2:MUX_0                                                                      ; work         ;
+----------------------------------------+-------------------+--------------+-------------+--------------+---------+-----------+------+--------------+--------------------------------------------------------------------------------------+--------------+
Note: For table entries with two numbers listed, the numbers in parentheses indicate the number of resources of the given type used by the specific entity alone. The numbers listed outside of parentheses indicate the total resources of the given type used by the specific entity and all of its sub-entities in the hierarchy.


+------------------------------------------------------+
; General Register Statistics                          ;
+----------------------------------------------+-------+
; Statistic                                    ; Value ;
+----------------------------------------------+-------+
; Total registers                              ; 0     ;
; Number of registers using Synchronous Clear  ; 0     ;
; Number of registers using Synchronous Load   ; 0     ;
; Number of registers using Asynchronous Clear ; 0     ;
; Number of registers using Asynchronous Load  ; 0     ;
; Number of registers using Clock Enable       ; 0     ;
; Number of registers using Preset             ; 0     ;
+----------------------------------------------+-------+


+-----------------------------------------------------------------------------------------------------------------------------------------------------------------+
; Multiplexer Restructuring Statistics (Restructuring Performed)                                                                                                  ;
+--------------------+-----------+---------------+----------------------+------------------------+------------+---------------------------------------------------+
; Multiplexer Inputs ; Bus Width ; Baseline Area ; Area if Restructured ; Saving if Restructured ; Registered ; Example Multiplexer Output                        ;
+--------------------+-----------+---------------+----------------------+------------------------+------------+---------------------------------------------------+
; 3:1                ; 15 bits   ; 30 LEs        ; 30 LEs               ; 0 LEs                  ; No         ; |alu|arithmetic_module:MOD_0|mux4:B_MUX|result[1] ;
; 5:1                ; 16 bits   ; 48 LEs        ; 48 LEs               ; 0 LEs                  ; No         ; |alu|mux2:MUX_0|result[0]                         ;
+--------------------+-----------+---------------+----------------------+------------------------+------------+---------------------------------------------------+


+---------------------------------------------------------------------+
; Parameter Settings for User Entity Instance: Top-level Entity: |alu ;
+----------------+-------+--------------------------------------------+
; Parameter Name ; Value ; Type                                       ;
+----------------+-------+--------------------------------------------+
; N              ; 16    ; Signed Integer                             ;
+----------------+-------+--------------------------------------------+
Note: In order to hide this table in the UI and the text report file, please set the "Show Parameter Settings in Synthesis Report" option in "Analysis and Synthesis Settings -> More Settings" to "Off".


+-----------------------------------------------------------------+
; Parameter Settings for User Entity Instance: logic_module:MOD_1 ;
+----------------+-------+----------------------------------------+
; Parameter Name ; Value ; Type                                   ;
+----------------+-------+----------------------------------------+
; N              ; 16    ; Signed Integer                         ;
+----------------+-------+----------------------------------------+
Note: In order to hide this table in the UI and the text report file, please set the "Show Parameter Settings in Synthesis Report" option in "Analysis and Synthesis Settings -> More Settings" to "Off".


+----------------------------------------------------------------------------+
; Parameter Settings for User Entity Instance: logic_module:MOD_1|mux4:L_MUX ;
+----------------+-------+---------------------------------------------------+
; Parameter Name ; Value ; Type                                              ;
+----------------+-------+---------------------------------------------------+
; N              ; 16    ; Signed Integer                                    ;
+----------------+-------+---------------------------------------------------+
Note: In order to hide this table in the UI and the text report file, please set the "Show Parameter Settings in Synthesis Report" option in "Analysis and Synthesis Settings -> More Settings" to "Off".


+----------------------------------------------------------------------+
; Parameter Settings for User Entity Instance: arithmetic_module:MOD_0 ;
+----------------+-------+---------------------------------------------+
; Parameter Name ; Value ; Type                                        ;
+----------------+-------+---------------------------------------------+
; N              ; 16    ; Signed Integer                              ;
+----------------+-------+---------------------------------------------+
Note: In order to hide this table in the UI and the text report file, please set the "Show Parameter Settings in Synthesis Report" option in "Analysis and Synthesis Settings -> More Settings" to "Off".


+---------------------------------------------------------------------------------+
; Parameter Settings for User Entity Instance: arithmetic_module:MOD_0|mux4:B_MUX ;
+----------------+-------+--------------------------------------------------------+
; Parameter Name ; Value ; Type                                                   ;
+----------------+-------+--------------------------------------------------------+
; N              ; 16    ; Signed Integer                                         ;
+----------------+-------+--------------------------------------------------------+
Note: In order to hide this table in the UI and the text report file, please set the "Show Parameter Settings in Synthesis Report" option in "Analysis and Synthesis Settings -> More Settings" to "Off".


+----------------------------------------------------------------------------------+
; Parameter Settings for User Entity Instance: arithmetic_module:MOD_0|adder:ADDER ;
+----------------+-------+---------------------------------------------------------+
; Parameter Name ; Value ; Type                                                    ;
+----------------+-------+---------------------------------------------------------+
; N              ; 16    ; Signed Integer                                          ;
+----------------+-------+---------------------------------------------------------+
Note: In order to hide this table in the UI and the text report file, please set the "Show Parameter Settings in Synthesis Report" option in "Analysis and Synthesis Settings -> More Settings" to "Off".


+---------------------------------------------------------+
; Parameter Settings for User Entity Instance: mux2:MUX_0 ;
+----------------+-------+--------------------------------+
; Parameter Name ; Value ; Type                           ;
+----------------+-------+--------------------------------+
; N              ; 16    ; Signed Integer                 ;
+----------------+-------+--------------------------------+
Note: In order to hide this table in the UI and the text report file, please set the "Show Parameter Settings in Synthesis Report" option in "Analysis and Synthesis Settings -> More Settings" to "Off".


+----------------------------------------------------------------+
; Parameter Settings for User Entity Instance: flag_circuit:FC_0 ;
+----------------+-------+---------------------------------------+
; Parameter Name ; Value ; Type                                  ;
+----------------+-------+---------------------------------------+
; N              ; 16    ; Signed Integer                        ;
+----------------+-------+---------------------------------------+
Note: In order to hide this table in the UI and the text report file, please set the "Show Parameter Settings in Synthesis Report" option in "Analysis and Synthesis Settings -> More Settings" to "Off".


+----------------------------------------------------------------+
; Port Connectivity Checks: "arithmetic_module:MOD_0|mux4:B_MUX" ;
+--------------+-------+----------+------------------------------+
; Port         ; Type  ; Severity ; Details                      ;
+--------------+-------+----------+------------------------------+
; in_10[15..1] ; Input ; Info     ; Stuck at GND                 ;
; in_10[0]     ; Input ; Info     ; Stuck at VCC                 ;
; in_11        ; Input ; Info     ; Stuck at VCC                 ;
+--------------+-------+----------+------------------------------+


+-------------------------------+
; Elapsed Time Per Partition    ;
+----------------+--------------+
; Partition Name ; Elapsed Time ;
+----------------+--------------+
; Top            ; 00:00:00     ;
+----------------+--------------+


+-------------------------------+
; Analysis & Synthesis Messages ;
+-------------------------------+
Info: *******************************************************************
Info: Running Quartus II 64-Bit Analysis & Synthesis
    Info: Version 13.1.0 Build 162 10/23/2013 SJ Web Edition
    Info: Processing started: Sun Jul 02 18:49:28 2023
Info: Command: quartus_map --read_settings_files=on --write_settings_files=off alu_prj -c alu
Warning (20028): Parallel compilation is not licensed and has been disabled
Info (12021): Found 1 design units, including 1 entities, in source file /users/luand/f/ufsc/20231/ldh/lab5/src/half_adder.v
    Info (12023): Found entity 1: half_adder
Info (12021): Found 1 design units, including 1 entities, in source file /users/luand/f/ufsc/20231/ldh/lab5/src/full_adder.v
    Info (12023): Found entity 1: full_adder
Info (12021): Found 1 design units, including 1 entities, in source file /users/luand/f/ufsc/20231/ldh/lab5/src/adder.v
    Info (12023): Found entity 1: adder
Info (12021): Found 1 design units, including 1 entities, in source file /users/luand/f/ufsc/20231/ldh/lab5/src/mux4.v
    Info (12023): Found entity 1: mux4
Info (12021): Found 1 design units, including 1 entities, in source file /users/luand/f/ufsc/20231/ldh/lab5/src/mux2.v
    Info (12023): Found entity 1: mux2
Info (12021): Found 1 design units, including 1 entities, in source file /users/luand/f/ufsc/20231/ldh/lab5/src/logic_module.v
    Info (12023): Found entity 1: logic_module
Info (12021): Found 1 design units, including 1 entities, in source file /users/luand/f/ufsc/20231/ldh/lab5/src/flag_circuit.v
    Info (12023): Found entity 1: flag_circuit
Info (12021): Found 1 design units, including 1 entities, in source file /users/luand/f/ufsc/20231/ldh/lab5/src/arithmetic_module.v
    Info (12023): Found entity 1: arithmetic_module
Info (12021): Found 1 design units, including 1 entities, in source file /users/luand/f/ufsc/20231/ldh/lab5/src/alu.v
    Info (12023): Found entity 1: alu
Info (12127): Elaborating entity "alu" for the top level hierarchy
Info (12128): Elaborating entity "logic_module" for hierarchy "logic_module:MOD_1"
Info (12128): Elaborating entity "mux4" for hierarchy "logic_module:MOD_1|mux4:L_MUX"
Info (12128): Elaborating entity "arithmetic_module" for hierarchy "arithmetic_module:MOD_0"
Warning (10230): Verilog HDL assignment warning at arithmetic_module.v(13): truncated value with size 32 to match size of target (16)
Info (12128): Elaborating entity "adder" for hierarchy "arithmetic_module:MOD_0|adder:ADDER"
Info (12128): Elaborating entity "full_adder" for hierarchy "arithmetic_module:MOD_0|adder:ADDER|full_adder:gen_adder[0].FA"
Info (12128): Elaborating entity "half_adder" for hierarchy "arithmetic_module:MOD_0|adder:ADDER|full_adder:gen_adder[0].FA|half_adder:HA_0"
Info (12128): Elaborating entity "mux2" for hierarchy "mux2:MUX_0"
Info (12128): Elaborating entity "flag_circuit" for hierarchy "flag_circuit:FC_0"
Info (286030): Timing-Driven Synthesis is running
Info (16010): Generating hard_block partition "hard_block:auto_generated_inst"
    Info (16011): Adding 0 node(s), including 0 DDIO, 0 PLL, 0 transceiver and 0 LCELL
Info (21057): Implemented 159 device resources after synthesis - the final resource count might be different
    Info (21058): Implemented 36 input pins
    Info (21059): Implemented 20 output pins
    Info (21061): Implemented 103 logic cells
Info: Quartus II 64-Bit Analysis & Synthesis was successful. 0 errors, 2 warnings
    Info: Peak virtual memory: 4618 megabytes
    Info: Processing ended: Sun Jul 02 18:49:30 2023
    Info: Elapsed time: 00:00:02
    Info: Total CPU time (on all processors): 00:00:02


