Flow report for digital_clock_prj
Tue Apr 04 19:34:14 2023
Quartus II 64-Bit Version 13.1.0 Build 162 10/23/2013 SJ Web Edition


---------------------
; Table of Contents ;
---------------------
  1. Legal Notice
  2. Flow Summary
  3. Flow Settings
  4. Flow Non-Default Global Settings
  5. Flow Elapsed Time
  6. Flow OS Summary
  7. Flow Log
  8. Flow Messages
  9. Flow Suppressed Messages



----------------
; Legal Notice ;
----------------
Copyright (C) 1991-2013 Altera Corporation
Your use of Altera Corporation's design tools, logic functions 
and other software and tools, and its AMPP partner logic 
functions, and any output files from any of the foregoing 
(including device programming or simulation files), and any 
associated documentation or information are expressly subject 
to the terms and conditions of the Altera Program License 
Subscription Agreement, Altera MegaCore Function License 
Agreement, or other applicable license agreement, including, 
without limitation, that your use is for the sole purpose of 
programming logic devices manufactured by Altera and sold by 
Altera or its authorized distributors.  Please refer to the 
applicable agreement for further details.



+---------------------------------------------------------------------------------+
; Flow Summary                                                                    ;
+------------------------------------+--------------------------------------------+
; Flow Status                        ; Successful - Tue Apr 04 19:34:10 2023      ;
; Quartus II 64-Bit Version          ; 13.1.0 Build 162 10/23/2013 SJ Web Edition ;
; Revision Name                      ; digital_clock_prj                          ;
; Top-level Entity Name              ; cinto_seguranca                            ;
; Family                             ; Cyclone III                                ;
; Device                             ; EP3C16F484C6                               ;
; Timing Models                      ; Final                                      ;
; Total logic elements               ; 49 / 15,408 ( < 1 % )                      ;
;     Total combinational functions  ; 49 / 15,408 ( < 1 % )                      ;
;     Dedicated logic registers      ; 34 / 15,408 ( < 1 % )                      ;
; Total registers                    ; 34                                         ;
; Total pins                         ; 7 / 347 ( 2 % )                            ;
; Total virtual pins                 ; 0                                          ;
; Total memory bits                  ; 0 / 516,096 ( 0 % )                        ;
; Embedded Multiplier 9-bit elements ; 0 / 112 ( 0 % )                            ;
; Total PLLs                         ; 0 / 4 ( 0 % )                              ;
+------------------------------------+--------------------------------------------+


+-----------------------------------------+
; Flow Settings                           ;
+-------------------+---------------------+
; Option            ; Setting             ;
+-------------------+---------------------+
; Start date & time ; 04/04/2023 19:33:56 ;
; Main task         ; Compilation         ;
; Revision Name     ; digital_clock_prj   ;
+-------------------+---------------------+


+------------------------------------------------------------------------------------------------------------------------+
; Flow Non-Default Global Settings                                                                                       ;
+-------------------------------------+-------------------------------+-------------------+-----------------+------------+
; Assignment Name                     ; Value                         ; Default Value     ; Entity Name     ; Section Id ;
+-------------------------------------+-------------------------------+-------------------+-----------------+------------+
; COMPILER_SIGNATURE_ID               ; 9447189718175.168064763519444 ; --                ; --              ; --         ;
; MAX_CORE_JUNCTION_TEMP              ; 85                            ; --                ; --              ; --         ;
; MIN_CORE_JUNCTION_TEMP              ; 0                             ; --                ; --              ; --         ;
; NOMINAL_CORE_SUPPLY_VOLTAGE         ; 1.2V                          ; --                ; --              ; --         ;
; PARTITION_COLOR                     ; 16764057                      ; --                ; cinto_seguranca ; Top        ;
; PARTITION_FITTER_PRESERVATION_LEVEL ; PLACEMENT_AND_ROUTING         ; --                ; cinto_seguranca ; Top        ;
; PARTITION_NETLIST_TYPE              ; SOURCE                        ; --                ; cinto_seguranca ; Top        ;
; PROJECT_OUTPUT_DIRECTORY            ; output_files                  ; --                ; --              ; --         ;
; TOP_LEVEL_ENTITY                    ; cinto_seguranca               ; digital_clock_prj ; --              ; --         ;
+-------------------------------------+-------------------------------+-------------------+-----------------+------------+


+-------------------------------------------------------------------------------------------------------------------------------+
; Flow Elapsed Time                                                                                                             ;
+---------------------------+--------------+-------------------------+---------------------+------------------------------------+
; Module Name               ; Elapsed Time ; Average Processors Used ; Peak Virtual Memory ; Total CPU Time (on all processors) ;
+---------------------------+--------------+-------------------------+---------------------+------------------------------------+
; Analysis & Synthesis      ; 00:00:02     ; 1.0                     ; 4606 MB             ; 00:00:02                           ;
; Fitter                    ; 00:00:07     ; 1.0                     ; 4950 MB             ; 00:00:06                           ;
; Assembler                 ; 00:00:02     ; 1.0                     ; 4574 MB             ; 00:00:01                           ;
; TimeQuest Timing Analyzer ; 00:00:03     ; 1.0                     ; 4618 MB             ; 00:00:02                           ;
; Total                     ; 00:00:14     ; --                      ; --                  ; 00:00:11                           ;
+---------------------------+--------------+-------------------------+---------------------+------------------------------------+


+----------------------------------------------------------------------------------------+
; Flow OS Summary                                                                        ;
+---------------------------+------------------+-----------+------------+----------------+
; Module Name               ; Machine Hostname ; OS Name   ; OS Version ; Processor type ;
+---------------------------+------------------+-----------+------------+----------------+
; Analysis & Synthesis      ; LAPTOP-UEGS4DE9  ; Windows 7 ; 6.2        ; x86_64         ;
; Fitter                    ; LAPTOP-UEGS4DE9  ; Windows 7 ; 6.2        ; x86_64         ;
; Assembler                 ; LAPTOP-UEGS4DE9  ; Windows 7 ; 6.2        ; x86_64         ;
; TimeQuest Timing Analyzer ; LAPTOP-UEGS4DE9  ; Windows 7 ; 6.2        ; x86_64         ;
+---------------------------+------------------+-----------+------------+----------------+


------------
; Flow Log ;
------------
quartus_map --read_settings_files=on --write_settings_files=off digital_clock_prj -c digital_clock_prj
quartus_fit --read_settings_files=off --write_settings_files=off digital_clock_prj -c digital_clock_prj
quartus_asm --read_settings_files=off --write_settings_files=off digital_clock_prj -c digital_clock_prj
quartus_sta digital_clock_prj -c digital_clock_prj



