Analysis & Synthesis report for final
Tue Jul 04 17:07:11 2023
Quartus II 64-Bit Version 13.1.0 Build 162 10/23/2013 SJ Web Edition


---------------------
; Table of Contents ;
---------------------
  1. Legal Notice
  2. Analysis & Synthesis Summary
  3. Analysis & Synthesis Settings
  4. Parallel Compilation
  5. Analysis & Synthesis Source Files Read
  6. Analysis & Synthesis Resource Usage Summary
  7. Analysis & Synthesis Resource Utilization by Entity
  8. User-Specified and Inferred Latches
  9. General Register Statistics
 10. Multiplexer Restructuring Statistics (Restructuring Performed)
 11. Parameter Settings for User Entity Instance: Top-level Entity: |final
 12. Parameter Settings for User Entity Instance: alu:ALU_0
 13. Parameter Settings for User Entity Instance: alu:ALU_0|logic_module:MOD_1
 14. Parameter Settings for User Entity Instance: alu:ALU_0|logic_module:MOD_1|mux4:L_MUX
 15. Parameter Settings for User Entity Instance: alu:ALU_0|arithmetic_module:MOD_0
 16. Parameter Settings for User Entity Instance: alu:ALU_0|arithmetic_module:MOD_0|mux4:B_MUX
 17. Parameter Settings for User Entity Instance: alu:ALU_0|arithmetic_module:MOD_0|adder:ADDER
 18. Parameter Settings for User Entity Instance: alu:ALU_0|mux2:MUX_0
 19. Parameter Settings for User Entity Instance: alu:ALU_0|flag_circuit:FC_0
 20. Parameter Settings for User Entity Instance: mux4:MUX_LED
 21. Parameter Settings for User Entity Instance: mux4:MUX_DISPLAY
 22. Parameter Settings for User Entity Instance: bc:BC_0
 23. Parameter Settings for User Entity Instance: bc:BC_0|mux4:MUX_BC
 24. Port Connectivity Checks: "bc:BC_0|bc_signed_oct:BCSO|bc_hex:BH_2"
 25. Port Connectivity Checks: "bc:BC_0|bc_signed_oct:BCSO|bc_hex:BH_1"
 26. Port Connectivity Checks: "bc:BC_0|bc_signed_oct:BCSO|bc_hex:BH_0"
 27. Port Connectivity Checks: "bc:BC_0|bc_signed_hex:BCSH|bc_hex:BH_2"
 28. Port Connectivity Checks: "bc:BC_0|bc_unsigned_oct:BCUO|bc_hex:BH_3"
 29. Port Connectivity Checks: "bc:BC_0|bc_unsigned_oct:BCUO|bc_hex:BH_2"
 30. Port Connectivity Checks: "bc:BC_0|bc_unsigned_oct:BCUO|bc_hex:BH_1"
 31. Port Connectivity Checks: "bc:BC_0|bc_unsigned_oct:BCUO|bc_hex:BH_0"
 32. Port Connectivity Checks: "bc:BC_0|bc_unsigned_hex:BCUH|bc_hex:BH_2"
 33. Port Connectivity Checks: "alu:ALU_0|arithmetic_module:MOD_0|mux4:B_MUX"
 34. Elapsed Time Per Partition
 35. Analysis & Synthesis Messages



----------------
; Legal Notice ;
----------------
Copyright (C) 1991-2013 Altera Corporation
Your use of Altera Corporation's design tools, logic functions 
and other software and tools, and its AMPP partner logic 
functions, and any output files from any of the foregoing 
(including device programming or simulation files), and any 
associated documentation or information are expressly subject 
to the terms and conditions of the Altera Program License 
Subscription Agreement, Altera MegaCore Function License 
Agreement, or other applicable license agreement, including, 
without limitation, that your use is for the sole purpose of 
programming logic devices manufactured by Altera and sold by 
Altera or its authorized distributors.  Please refer to the 
applicable agreement for further details.



+---------------------------------------------------------------------------------+
; Analysis & Synthesis Summary                                                    ;
+------------------------------------+--------------------------------------------+
; Analysis & Synthesis Status        ; Successful - Tue Jul 04 17:07:11 2023      ;
; Quartus II 64-Bit Version          ; 13.1.0 Build 162 10/23/2013 SJ Web Edition ;
; Revision Name                      ; final                                      ;
; Top-level Entity Name              ; final                                      ;
; Family                             ; Cyclone III                                ;
; Total logic elements               ; 256                                        ;
;     Total combinational functions  ; 256                                        ;
;     Dedicated logic registers      ; 0                                          ;
; Total registers                    ; 0                                          ;
; Total pins                         ; 55                                         ;
; Total virtual pins                 ; 0                                          ;
; Total memory bits                  ; 0                                          ;
; Embedded Multiplier 9-bit elements ; 0                                          ;
; Total PLLs                         ; 0                                          ;
+------------------------------------+--------------------------------------------+


+----------------------------------------------------------------------------------------------------------------------+
; Analysis & Synthesis Settings                                                                                        ;
+----------------------------------------------------------------------------+--------------------+--------------------+
; Option                                                                     ; Setting            ; Default Value      ;
+----------------------------------------------------------------------------+--------------------+--------------------+
; Device                                                                     ; EP3C16F484C6       ;                    ;
; Top-level entity name                                                      ; final              ; final              ;
; Family name                                                                ; Cyclone III        ; Cyclone IV GX      ;
; Use smart compilation                                                      ; Off                ; Off                ;
; Enable parallel Assembler and TimeQuest Timing Analyzer during compilation ; On                 ; On                 ;
; Enable compact report table                                                ; Off                ; Off                ;
; Restructure Multiplexers                                                   ; Auto               ; Auto               ;
; Create Debugging Nodes for IP Cores                                        ; Off                ; Off                ;
; Preserve fewer node names                                                  ; On                 ; On                 ;
; Disable OpenCore Plus hardware evaluation                                  ; Off                ; Off                ;
; Verilog Version                                                            ; Verilog_2001       ; Verilog_2001       ;
; VHDL Version                                                               ; VHDL_1993          ; VHDL_1993          ;
; State Machine Processing                                                   ; Auto               ; Auto               ;
; Safe State Machine                                                         ; Off                ; Off                ;
; Extract Verilog State Machines                                             ; On                 ; On                 ;
; Extract VHDL State Machines                                                ; On                 ; On                 ;
; Ignore Verilog initial constructs                                          ; Off                ; Off                ;
; Iteration limit for constant Verilog loops                                 ; 5000               ; 5000               ;
; Iteration limit for non-constant Verilog loops                             ; 250                ; 250                ;
; Add Pass-Through Logic to Inferred RAMs                                    ; On                 ; On                 ;
; Infer RAMs from Raw Logic                                                  ; On                 ; On                 ;
; Parallel Synthesis                                                         ; On                 ; On                 ;
; DSP Block Balancing                                                        ; Auto               ; Auto               ;
; NOT Gate Push-Back                                                         ; On                 ; On                 ;
; Power-Up Don't Care                                                        ; On                 ; On                 ;
; Remove Redundant Logic Cells                                               ; Off                ; Off                ;
; Remove Duplicate Registers                                                 ; On                 ; On                 ;
; Ignore CARRY Buffers                                                       ; Off                ; Off                ;
; Ignore CASCADE Buffers                                                     ; Off                ; Off                ;
; Ignore GLOBAL Buffers                                                      ; Off                ; Off                ;
; Ignore ROW GLOBAL Buffers                                                  ; Off                ; Off                ;
; Ignore LCELL Buffers                                                       ; Off                ; Off                ;
; Ignore SOFT Buffers                                                        ; On                 ; On                 ;
; Limit AHDL Integers to 32 Bits                                             ; Off                ; Off                ;
; Optimization Technique                                                     ; Balanced           ; Balanced           ;
; Carry Chain Length                                                         ; 70                 ; 70                 ;
; Auto Carry Chains                                                          ; On                 ; On                 ;
; Auto Open-Drain Pins                                                       ; On                 ; On                 ;
; Perform WYSIWYG Primitive Resynthesis                                      ; Off                ; Off                ;
; Auto ROM Replacement                                                       ; On                 ; On                 ;
; Auto RAM Replacement                                                       ; On                 ; On                 ;
; Auto DSP Block Replacement                                                 ; On                 ; On                 ;
; Auto Shift Register Replacement                                            ; Auto               ; Auto               ;
; Allow Shift Register Merging across Hierarchies                            ; Auto               ; Auto               ;
; Auto Clock Enable Replacement                                              ; On                 ; On                 ;
; Strict RAM Replacement                                                     ; Off                ; Off                ;
; Allow Synchronous Control Signals                                          ; On                 ; On                 ;
; Force Use of Synchronous Clear Signals                                     ; Off                ; Off                ;
; Auto RAM Block Balancing                                                   ; On                 ; On                 ;
; Auto RAM to Logic Cell Conversion                                          ; Off                ; Off                ;
; Auto Resource Sharing                                                      ; Off                ; Off                ;
; Allow Any RAM Size For Recognition                                         ; Off                ; Off                ;
; Allow Any ROM Size For Recognition                                         ; Off                ; Off                ;
; Allow Any Shift Register Size For Recognition                              ; Off                ; Off                ;
; Use LogicLock Constraints during Resource Balancing                        ; On                 ; On                 ;
; Ignore translate_off and synthesis_off directives                          ; Off                ; Off                ;
; Timing-Driven Synthesis                                                    ; On                 ; On                 ;
; Report Parameter Settings                                                  ; On                 ; On                 ;
; Report Source Assignments                                                  ; On                 ; On                 ;
; Report Connectivity Checks                                                 ; On                 ; On                 ;
; Ignore Maximum Fan-Out Assignments                                         ; Off                ; Off                ;
; Synchronization Register Chain Length                                      ; 2                  ; 2                  ;
; PowerPlay Power Optimization                                               ; Normal compilation ; Normal compilation ;
; HDL message level                                                          ; Level2             ; Level2             ;
; Suppress Register Optimization Related Messages                            ; Off                ; Off                ;
; Number of Removed Registers Reported in Synthesis Report                   ; 5000               ; 5000               ;
; Number of Swept Nodes Reported in Synthesis Report                         ; 5000               ; 5000               ;
; Number of Inverted Registers Reported in Synthesis Report                  ; 100                ; 100                ;
; Clock MUX Protection                                                       ; On                 ; On                 ;
; Auto Gated Clock Conversion                                                ; Off                ; Off                ;
; Block Design Naming                                                        ; Auto               ; Auto               ;
; SDC constraint protection                                                  ; Off                ; Off                ;
; Synthesis Effort                                                           ; Auto               ; Auto               ;
; Shift Register Replacement - Allow Asynchronous Clear Signal               ; On                 ; On                 ;
; Pre-Mapping Resynthesis Optimization                                       ; Off                ; Off                ;
; Analysis & Synthesis Message Level                                         ; Medium             ; Medium             ;
; Disable Register Merging Across Hierarchies                                ; Auto               ; Auto               ;
; Resource Aware Inference For Block RAM                                     ; On                 ; On                 ;
; Synthesis Seed                                                             ; 1                  ; 1                  ;
+----------------------------------------------------------------------------+--------------------+--------------------+


Parallel compilation was disabled, but you have multiple processors available. Enable parallel compilation to reduce compilation time.
+-------------------------------------+
; Parallel Compilation                ;
+----------------------------+--------+
; Processors                 ; Number ;
+----------------------------+--------+
; Number detected on machine ; 8      ;
; Maximum allowed            ; 1      ;
+----------------------------+--------+


+-----------------------------------------------------------------------------------------------------------------------------------------------------------+
; Analysis & Synthesis Source Files Read                                                                                                                    ;
+----------------------------------+-----------------+------------------------+-------------------------------------------------------------------+---------+
; File Name with User-Entered Path ; Used in Netlist ; File Type              ; File Name with Absolute Path                                      ; Library ;
+----------------------------------+-----------------+------------------------+-------------------------------------------------------------------+---------+
; ../src/alu/adder/half_adder.v    ; yes             ; User Verilog HDL File  ; C:/Users/luand/f/ufsc/20231/ldh/final/src/alu/adder/half_adder.v  ;         ;
; ../src/alu/adder/full_adder.v    ; yes             ; User Verilog HDL File  ; C:/Users/luand/f/ufsc/20231/ldh/final/src/alu/adder/full_adder.v  ;         ;
; ../src/alu/adder/adder.v         ; yes             ; User Verilog HDL File  ; C:/Users/luand/f/ufsc/20231/ldh/final/src/alu/adder/adder.v       ;         ;
; ../src/alu/logic_module.v        ; yes             ; User Verilog HDL File  ; C:/Users/luand/f/ufsc/20231/ldh/final/src/alu/logic_module.v      ;         ;
; ../src/alu/flag_circuit.v        ; yes             ; User Verilog HDL File  ; C:/Users/luand/f/ufsc/20231/ldh/final/src/alu/flag_circuit.v      ;         ;
; ../src/alu/arithmetic_module.v   ; yes             ; User Verilog HDL File  ; C:/Users/luand/f/ufsc/20231/ldh/final/src/alu/arithmetic_module.v ;         ;
; ../src/alu/alu.v                 ; yes             ; User Verilog HDL File  ; C:/Users/luand/f/ufsc/20231/ldh/final/src/alu/alu.v               ;         ;
; ../src/bc/bc_unsigned_oct.v      ; yes             ; User Verilog HDL File  ; C:/Users/luand/f/ufsc/20231/ldh/final/src/bc/bc_unsigned_oct.v    ;         ;
; ../src/bc/bc_unsigned_hex.v      ; yes             ; User Verilog HDL File  ; C:/Users/luand/f/ufsc/20231/ldh/final/src/bc/bc_unsigned_hex.v    ;         ;
; ../src/bc/bc_signed_oct.v        ; yes             ; User Verilog HDL File  ; C:/Users/luand/f/ufsc/20231/ldh/final/src/bc/bc_signed_oct.v      ;         ;
; ../src/bc/bc_signed_hex.v        ; yes             ; User Verilog HDL File  ; C:/Users/luand/f/ufsc/20231/ldh/final/src/bc/bc_signed_hex.v      ;         ;
; ../src/bc/bc_hex.v               ; yes             ; User Verilog HDL File  ; C:/Users/luand/f/ufsc/20231/ldh/final/src/bc/bc_hex.v             ;         ;
; ../src/bc/bc.v                   ; yes             ; User Verilog HDL File  ; C:/Users/luand/f/ufsc/20231/ldh/final/src/bc/bc.v                 ;         ;
; ../src/mux/mux4.v                ; yes             ; User Verilog HDL File  ; C:/Users/luand/f/ufsc/20231/ldh/final/src/mux/mux4.v              ;         ;
; ../src/mux/mux2.v                ; yes             ; User Verilog HDL File  ; C:/Users/luand/f/ufsc/20231/ldh/final/src/mux/mux2.v              ;         ;
; ../src/final.v                   ; yes             ; User Verilog HDL File  ; C:/Users/luand/f/ufsc/20231/ldh/final/src/final.v                 ;         ;
+----------------------------------+-----------------+------------------------+-------------------------------------------------------------------+---------+


+--------------------------------------------------------+
; Analysis & Synthesis Resource Usage Summary            ;
+---------------------------------------------+----------+
; Resource                                    ; Usage    ;
+---------------------------------------------+----------+
; Estimated Total logic elements              ; 256      ;
;                                             ;          ;
; Total combinational functions               ; 256      ;
; Logic element usage by number of LUT inputs ;          ;
;     -- 4 input functions                    ; 140      ;
;     -- 3 input functions                    ; 92       ;
;     -- <=2 input functions                  ; 24       ;
;                                             ;          ;
; Logic elements by mode                      ;          ;
;     -- normal mode                          ; 239      ;
;     -- arithmetic mode                      ; 17       ;
;                                             ;          ;
; Total registers                             ; 0        ;
;     -- Dedicated logic registers            ; 0        ;
;     -- I/O registers                        ; 0        ;
;                                             ;          ;
; I/O pins                                    ; 55       ;
; Embedded Multiplier 9-bit elements          ; 0        ;
; Maximum fan-out node                        ; C_reg[8] ;
; Maximum fan-out                             ; 43       ;
; Total fan-out                               ; 975      ;
; Average fan-out                             ; 2.66     ;
+---------------------------------------------+----------+


+-----------------------------------------------------------------------------------------------------------------------------------------------------------------------------------------------------------------------------------------------------------------------+
; Analysis & Synthesis Resource Utilization by Entity                                                                                                                                                                                                                   ;
+------------------------------------------+-------------------+--------------+-------------+--------------+---------+-----------+------+--------------+-------------------------------------------------------------------------------------------------+--------------+
; Compilation Hierarchy Node               ; LC Combinationals ; LC Registers ; Memory Bits ; DSP Elements ; DSP 9x9 ; DSP 18x18 ; Pins ; Virtual Pins ; Full Hierarchy Name                                                                             ; Library Name ;
+------------------------------------------+-------------------+--------------+-------------+--------------+---------+-----------+------+--------------+-------------------------------------------------------------------------------------------------+--------------+
; |final                                   ; 256 (33)          ; 0 (0)        ; 0           ; 0            ; 0       ; 0         ; 55   ; 0            ; |final                                                                                          ; work         ;
;    |alu:ALU_0|                           ; 66 (0)            ; 0 (0)        ; 0           ; 0            ; 0       ; 0         ; 0    ; 0            ; |final|alu:ALU_0                                                                                ; work         ;
;       |arithmetic_module:MOD_0|          ; 42 (11)           ; 0 (0)        ; 0           ; 0            ; 0       ; 0         ; 0    ; 0            ; |final|alu:ALU_0|arithmetic_module:MOD_0                                                        ; work         ;
;          |adder:ADDER|                   ; 23 (0)            ; 0 (0)        ; 0           ; 0            ; 0       ; 0         ; 0    ; 0            ; |final|alu:ALU_0|arithmetic_module:MOD_0|adder:ADDER                                            ; work         ;
;             |full_adder:gen_adder[0].FA| ; 2 (1)             ; 0 (0)        ; 0           ; 0            ; 0       ; 0         ; 0    ; 0            ; |final|alu:ALU_0|arithmetic_module:MOD_0|adder:ADDER|full_adder:gen_adder[0].FA                 ; work         ;
;                |half_adder:HA_1|         ; 1 (1)             ; 0 (0)        ; 0           ; 0            ; 0       ; 0         ; 0    ; 0            ; |final|alu:ALU_0|arithmetic_module:MOD_0|adder:ADDER|full_adder:gen_adder[0].FA|half_adder:HA_1 ; work         ;
;             |full_adder:gen_adder[1].FA| ; 2 (1)             ; 0 (0)        ; 0           ; 0            ; 0       ; 0         ; 0    ; 0            ; |final|alu:ALU_0|arithmetic_module:MOD_0|adder:ADDER|full_adder:gen_adder[1].FA                 ; work         ;
;                |half_adder:HA_1|         ; 1 (1)             ; 0 (0)        ; 0           ; 0            ; 0       ; 0         ; 0    ; 0            ; |final|alu:ALU_0|arithmetic_module:MOD_0|adder:ADDER|full_adder:gen_adder[1].FA|half_adder:HA_1 ; work         ;
;             |full_adder:gen_adder[2].FA| ; 2 (1)             ; 0 (0)        ; 0           ; 0            ; 0       ; 0         ; 0    ; 0            ; |final|alu:ALU_0|arithmetic_module:MOD_0|adder:ADDER|full_adder:gen_adder[2].FA                 ; work         ;
;                |half_adder:HA_1|         ; 1 (1)             ; 0 (0)        ; 0           ; 0            ; 0       ; 0         ; 0    ; 0            ; |final|alu:ALU_0|arithmetic_module:MOD_0|adder:ADDER|full_adder:gen_adder[2].FA|half_adder:HA_1 ; work         ;
;             |full_adder:gen_adder[3].FA| ; 2 (1)             ; 0 (0)        ; 0           ; 0            ; 0       ; 0         ; 0    ; 0            ; |final|alu:ALU_0|arithmetic_module:MOD_0|adder:ADDER|full_adder:gen_adder[3].FA                 ; work         ;
;                |half_adder:HA_1|         ; 1 (1)             ; 0 (0)        ; 0           ; 0            ; 0       ; 0         ; 0    ; 0            ; |final|alu:ALU_0|arithmetic_module:MOD_0|adder:ADDER|full_adder:gen_adder[3].FA|half_adder:HA_1 ; work         ;
;             |full_adder:gen_adder[4].FA| ; 2 (1)             ; 0 (0)        ; 0           ; 0            ; 0       ; 0         ; 0    ; 0            ; |final|alu:ALU_0|arithmetic_module:MOD_0|adder:ADDER|full_adder:gen_adder[4].FA                 ; work         ;
;                |half_adder:HA_1|         ; 1 (1)             ; 0 (0)        ; 0           ; 0            ; 0       ; 0         ; 0    ; 0            ; |final|alu:ALU_0|arithmetic_module:MOD_0|adder:ADDER|full_adder:gen_adder[4].FA|half_adder:HA_1 ; work         ;
;             |full_adder:gen_adder[5].FA| ; 1 (0)             ; 0 (0)        ; 0           ; 0            ; 0       ; 0         ; 0    ; 0            ; |final|alu:ALU_0|arithmetic_module:MOD_0|adder:ADDER|full_adder:gen_adder[5].FA                 ; work         ;
;                |half_adder:HA_1|         ; 1 (1)             ; 0 (0)        ; 0           ; 0            ; 0       ; 0         ; 0    ; 0            ; |final|alu:ALU_0|arithmetic_module:MOD_0|adder:ADDER|full_adder:gen_adder[5].FA|half_adder:HA_1 ; work         ;
;             |full_adder:gen_adder[6].FA| ; 5 (3)             ; 0 (0)        ; 0           ; 0            ; 0       ; 0         ; 0    ; 0            ; |final|alu:ALU_0|arithmetic_module:MOD_0|adder:ADDER|full_adder:gen_adder[6].FA                 ; work         ;
;                |half_adder:HA_1|         ; 2 (2)             ; 0 (0)        ; 0           ; 0            ; 0       ; 0         ; 0    ; 0            ; |final|alu:ALU_0|arithmetic_module:MOD_0|adder:ADDER|full_adder:gen_adder[6].FA|half_adder:HA_1 ; work         ;
;             |full_adder:gen_adder[7].FA| ; 2 (1)             ; 0 (0)        ; 0           ; 0            ; 0       ; 0         ; 0    ; 0            ; |final|alu:ALU_0|arithmetic_module:MOD_0|adder:ADDER|full_adder:gen_adder[7].FA                 ; work         ;
;                |half_adder:HA_1|         ; 1 (1)             ; 0 (0)        ; 0           ; 0            ; 0       ; 0         ; 0    ; 0            ; |final|alu:ALU_0|arithmetic_module:MOD_0|adder:ADDER|full_adder:gen_adder[7].FA|half_adder:HA_1 ; work         ;
;             |full_adder:gen_adder[8].FA| ; 2 (1)             ; 0 (0)        ; 0           ; 0            ; 0       ; 0         ; 0    ; 0            ; |final|alu:ALU_0|arithmetic_module:MOD_0|adder:ADDER|full_adder:gen_adder[8].FA                 ; work         ;
;                |half_adder:HA_1|         ; 1 (1)             ; 0 (0)        ; 0           ; 0            ; 0       ; 0         ; 0    ; 0            ; |final|alu:ALU_0|arithmetic_module:MOD_0|adder:ADDER|full_adder:gen_adder[8].FA|half_adder:HA_1 ; work         ;
;             |full_adder:gen_adder[9].FA| ; 3 (1)             ; 0 (0)        ; 0           ; 0            ; 0       ; 0         ; 0    ; 0            ; |final|alu:ALU_0|arithmetic_module:MOD_0|adder:ADDER|full_adder:gen_adder[9].FA                 ; work         ;
;                |half_adder:HA_1|         ; 2 (2)             ; 0 (0)        ; 0           ; 0            ; 0       ; 0         ; 0    ; 0            ; |final|alu:ALU_0|arithmetic_module:MOD_0|adder:ADDER|full_adder:gen_adder[9].FA|half_adder:HA_1 ; work         ;
;          |mux4:B_MUX|                    ; 8 (8)             ; 0 (0)        ; 0           ; 0            ; 0       ; 0         ; 0    ; 0            ; |final|alu:ALU_0|arithmetic_module:MOD_0|mux4:B_MUX                                             ; work         ;
;       |flag_circuit:FC_0|                ; 4 (4)             ; 0 (0)        ; 0           ; 0            ; 0       ; 0         ; 0    ; 0            ; |final|alu:ALU_0|flag_circuit:FC_0                                                              ; work         ;
;       |mux2:MUX_0|                       ; 20 (20)           ; 0 (0)        ; 0           ; 0            ; 0       ; 0         ; 0    ; 0            ; |final|alu:ALU_0|mux2:MUX_0                                                                     ; work         ;
;    |bc:BC_0|                             ; 117 (17)          ; 0 (0)        ; 0           ; 0            ; 0       ; 0         ; 0    ; 0            ; |final|bc:BC_0                                                                                  ; work         ;
;       |bc_signed_hex:BCSH|               ; 13 (0)            ; 0 (0)        ; 0           ; 0            ; 0       ; 0         ; 0    ; 0            ; |final|bc:BC_0|bc_signed_hex:BCSH                                                               ; work         ;
;          |bc_hex:BH_0|                   ; 6 (6)             ; 0 (0)        ; 0           ; 0            ; 0       ; 0         ; 0    ; 0            ; |final|bc:BC_0|bc_signed_hex:BCSH|bc_hex:BH_0                                                   ; work         ;
;          |bc_hex:BH_1|                   ; 7 (7)             ; 0 (0)        ; 0           ; 0            ; 0       ; 0         ; 0    ; 0            ; |final|bc:BC_0|bc_signed_hex:BCSH|bc_hex:BH_1                                                   ; work         ;
;       |bc_signed_oct:BCSO|               ; 1 (0)             ; 0 (0)        ; 0           ; 0            ; 0       ; 0         ; 0    ; 0            ; |final|bc:BC_0|bc_signed_oct:BCSO                                                               ; work         ;
;          |bc_hex:BH_1|                   ; 1 (1)             ; 0 (0)        ; 0           ; 0            ; 0       ; 0         ; 0    ; 0            ; |final|bc:BC_0|bc_signed_oct:BCSO|bc_hex:BH_1                                                   ; work         ;
;       |bc_unsigned_hex:BCUH|             ; 13 (0)            ; 0 (0)        ; 0           ; 0            ; 0       ; 0         ; 0    ; 0            ; |final|bc:BC_0|bc_unsigned_hex:BCUH                                                             ; work         ;
;          |bc_hex:BH_0|                   ; 6 (6)             ; 0 (0)        ; 0           ; 0            ; 0       ; 0         ; 0    ; 0            ; |final|bc:BC_0|bc_unsigned_hex:BCUH|bc_hex:BH_0                                                 ; work         ;
;          |bc_hex:BH_1|                   ; 7 (7)             ; 0 (0)        ; 0           ; 0            ; 0       ; 0         ; 0    ; 0            ; |final|bc:BC_0|bc_unsigned_hex:BCUH|bc_hex:BH_1                                                 ; work         ;
;       |bc_unsigned_oct:BCUO|             ; 1 (0)             ; 0 (0)        ; 0           ; 0            ; 0       ; 0         ; 0    ; 0            ; |final|bc:BC_0|bc_unsigned_oct:BCUO                                                             ; work         ;
;          |bc_hex:BH_1|                   ; 1 (1)             ; 0 (0)        ; 0           ; 0            ; 0       ; 0         ; 0    ; 0            ; |final|bc:BC_0|bc_unsigned_oct:BCUO|bc_hex:BH_1                                                 ; work         ;
;       |mux4:MUX_BC|                      ; 72 (72)           ; 0 (0)        ; 0           ; 0            ; 0       ; 0         ; 0    ; 0            ; |final|bc:BC_0|mux4:MUX_BC                                                                      ; work         ;
;    |mux4:MUX_DISPLAY|                    ; 20 (20)           ; 0 (0)        ; 0           ; 0            ; 0       ; 0         ; 0    ; 0            ; |final|mux4:MUX_DISPLAY                                                                         ; work         ;
;    |mux4:MUX_LED|                        ; 20 (20)           ; 0 (0)        ; 0           ; 0            ; 0       ; 0         ; 0    ; 0            ; |final|mux4:MUX_LED                                                                             ; work         ;
+------------------------------------------+-------------------+--------------+-------------+--------------+---------+-----------+------+--------------+-------------------------------------------------------------------------------------------------+--------------+
Note: For table entries with two numbers listed, the numbers in parentheses indicate the number of resources of the given type used by the specific entity alone. The numbers listed outside of parentheses indicate the total resources of the given type used by the specific entity and all of its sub-entities in the hierarchy.


+----------------------------------------------------------------------------------------------------+
; User-Specified and Inferred Latches                                                                ;
+-----------------------------------------------------+---------------------+------------------------+
; Latch Name                                          ; Latch Enable Signal ; Free of Timing Hazards ;
+-----------------------------------------------------+---------------------+------------------------+
; B_reg[0]                                            ; always0             ; yes                    ;
; C_reg[5]                                            ; C_reg[1]            ; yes                    ;
; A_reg[0]                                            ; always0             ; yes                    ;
; C_reg[4]                                            ; C_reg[1]            ; yes                    ;
; C_reg[3]                                            ; C_reg[1]            ; yes                    ;
; C_reg[1]                                            ; C_reg[1]            ; yes                    ;
; C_reg[0]                                            ; C_reg[1]            ; yes                    ;
; C_reg[2]                                            ; C_reg[1]            ; yes                    ;
; A_reg[9]                                            ; always0             ; yes                    ;
; A_reg[8]                                            ; always0             ; yes                    ;
; B_reg[8]                                            ; always0             ; yes                    ;
; B_reg[7]                                            ; always0             ; yes                    ;
; B_reg[6]                                            ; always0             ; yes                    ;
; B_reg[5]                                            ; always0             ; yes                    ;
; B_reg[4]                                            ; always0             ; yes                    ;
; B_reg[3]                                            ; always0             ; yes                    ;
; B_reg[2]                                            ; always0             ; yes                    ;
; B_reg[1]                                            ; always0             ; yes                    ;
; A_reg[7]                                            ; always0             ; yes                    ;
; A_reg[6]                                            ; always0             ; yes                    ;
; A_reg[5]                                            ; always0             ; yes                    ;
; A_reg[4]                                            ; always0             ; yes                    ;
; A_reg[3]                                            ; always0             ; yes                    ;
; A_reg[2]                                            ; always0             ; yes                    ;
; A_reg[1]                                            ; always0             ; yes                    ;
; B_reg[9]                                            ; always0             ; yes                    ;
; C_reg[8]                                            ; C_reg[1]            ; yes                    ;
; C_reg[9]                                            ; C_reg[1]            ; yes                    ;
; C_reg[6]                                            ; C_reg[1]            ; yes                    ;
; C_reg[7]                                            ; C_reg[1]            ; yes                    ;
; Number of user-specified and inferred latches = 30  ;                     ;                        ;
+-----------------------------------------------------+---------------------+------------------------+
Note: All latches listed above may not be present at the end of synthesis due to various synthesis optimizations.


+------------------------------------------------------+
; General Register Statistics                          ;
+----------------------------------------------+-------+
; Statistic                                    ; Value ;
+----------------------------------------------+-------+
; Total registers                              ; 0     ;
; Number of registers using Synchronous Clear  ; 0     ;
; Number of registers using Synchronous Load   ; 0     ;
; Number of registers using Asynchronous Clear ; 0     ;
; Number of registers using Asynchronous Load  ; 0     ;
; Number of registers using Clock Enable       ; 0     ;
; Number of registers using Preset             ; 0     ;
+----------------------------------------------+-------+


+-----------------------------------------------------------------------------------------------------------------------------------------------------------------------------+
; Multiplexer Restructuring Statistics (Restructuring Performed)                                                                                                              ;
+--------------------+-----------+---------------+----------------------+------------------------+------------+---------------------------------------------------------------+
; Multiplexer Inputs ; Bus Width ; Baseline Area ; Area if Restructured ; Saving if Restructured ; Registered ; Example Multiplexer Output                                    ;
+--------------------+-----------+---------------+----------------------+------------------------+------------+---------------------------------------------------------------+
; 4:1                ; 10 bits   ; 20 LEs        ; 20 LEs               ; 0 LEs                  ; No         ; |final|mux4:MUX_LED|result[2]                                 ;
; 3:1                ; 9 bits    ; 18 LEs        ; 18 LEs               ; 0 LEs                  ; No         ; |final|alu:ALU_0|arithmetic_module:MOD_0|mux4:B_MUX|result[9] ;
; 4:1                ; 2 bits    ; 4 LEs         ; 4 LEs                ; 0 LEs                  ; No         ; |final|bc:BC_0|mux4:MUX_BC|result[10]                         ;
; 4:1                ; 2 bits    ; 4 LEs         ; 4 LEs                ; 0 LEs                  ; No         ; |final|mux4:MUX_DISPLAY|result[6]                             ;
; 4:1                ; 8 bits    ; 16 LEs        ; 16 LEs               ; 0 LEs                  ; No         ; |final|mux4:MUX_DISPLAY|result[5]                             ;
; 5:1                ; 10 bits   ; 30 LEs        ; 30 LEs               ; 0 LEs                  ; No         ; |final|alu:ALU_0|mux2:MUX_0|result[5]                         ;
; 18:1               ; 6 bits    ; 72 LEs        ; 36 LEs               ; 36 LEs                 ; No         ; |final|bc:BC_0|mux4:MUX_BC|result[14]                         ;
; 18:1               ; 6 bits    ; 72 LEs        ; 36 LEs               ; 36 LEs                 ; No         ; |final|bc:BC_0|mux4:MUX_BC|result[0]                          ;
; 17:1               ; 2 bits    ; 22 LEs        ; 10 LEs               ; 12 LEs                 ; No         ; |final|bc:BC_0|mux4:MUX_BC|result[16]                         ;
; 18:1               ; 2 bits    ; 24 LEs        ; 10 LEs               ; 14 LEs                 ; No         ; |final|bc:BC_0|mux4:MUX_BC|result[20]                         ;
+--------------------+-----------+---------------+----------------------+------------------------+------------+---------------------------------------------------------------+


+-----------------------------------------------------------------------+
; Parameter Settings for User Entity Instance: Top-level Entity: |final ;
+----------------+-------+----------------------------------------------+
; Parameter Name ; Value ; Type                                         ;
+----------------+-------+----------------------------------------------+
; N              ; 10    ; Signed Integer                               ;
+----------------+-------+----------------------------------------------+
Note: In order to hide this table in the UI and the text report file, please set the "Show Parameter Settings in Synthesis Report" option in "Analysis and Synthesis Settings -> More Settings" to "Off".


+--------------------------------------------------------+
; Parameter Settings for User Entity Instance: alu:ALU_0 ;
+----------------+-------+-------------------------------+
; Parameter Name ; Value ; Type                          ;
+----------------+-------+-------------------------------+
; N              ; 10    ; Signed Integer                ;
+----------------+-------+-------------------------------+
Note: In order to hide this table in the UI and the text report file, please set the "Show Parameter Settings in Synthesis Report" option in "Analysis and Synthesis Settings -> More Settings" to "Off".


+---------------------------------------------------------------------------+
; Parameter Settings for User Entity Instance: alu:ALU_0|logic_module:MOD_1 ;
+----------------+-------+--------------------------------------------------+
; Parameter Name ; Value ; Type                                             ;
+----------------+-------+--------------------------------------------------+
; N              ; 10    ; Signed Integer                                   ;
+----------------+-------+--------------------------------------------------+
Note: In order to hide this table in the UI and the text report file, please set the "Show Parameter Settings in Synthesis Report" option in "Analysis and Synthesis Settings -> More Settings" to "Off".


+--------------------------------------------------------------------------------------+
; Parameter Settings for User Entity Instance: alu:ALU_0|logic_module:MOD_1|mux4:L_MUX ;
+----------------+-------+-------------------------------------------------------------+
; Parameter Name ; Value ; Type                                                        ;
+----------------+-------+-------------------------------------------------------------+
; N              ; 10    ; Signed Integer                                              ;
+----------------+-------+-------------------------------------------------------------+
Note: In order to hide this table in the UI and the text report file, please set the "Show Parameter Settings in Synthesis Report" option in "Analysis and Synthesis Settings -> More Settings" to "Off".


+--------------------------------------------------------------------------------+
; Parameter Settings for User Entity Instance: alu:ALU_0|arithmetic_module:MOD_0 ;
+----------------+-------+-------------------------------------------------------+
; Parameter Name ; Value ; Type                                                  ;
+----------------+-------+-------------------------------------------------------+
; N              ; 10    ; Signed Integer                                        ;
+----------------+-------+-------------------------------------------------------+
Note: In order to hide this table in the UI and the text report file, please set the "Show Parameter Settings in Synthesis Report" option in "Analysis and Synthesis Settings -> More Settings" to "Off".


+-------------------------------------------------------------------------------------------+
; Parameter Settings for User Entity Instance: alu:ALU_0|arithmetic_module:MOD_0|mux4:B_MUX ;
+----------------+-------+------------------------------------------------------------------+
; Parameter Name ; Value ; Type                                                             ;
+----------------+-------+------------------------------------------------------------------+
; N              ; 10    ; Signed Integer                                                   ;
+----------------+-------+------------------------------------------------------------------+
Note: In order to hide this table in the UI and the text report file, please set the "Show Parameter Settings in Synthesis Report" option in "Analysis and Synthesis Settings -> More Settings" to "Off".


+--------------------------------------------------------------------------------------------+
; Parameter Settings for User Entity Instance: alu:ALU_0|arithmetic_module:MOD_0|adder:ADDER ;
+----------------+-------+-------------------------------------------------------------------+
; Parameter Name ; Value ; Type                                                              ;
+----------------+-------+-------------------------------------------------------------------+
; N              ; 10    ; Signed Integer                                                    ;
+----------------+-------+-------------------------------------------------------------------+
Note: In order to hide this table in the UI and the text report file, please set the "Show Parameter Settings in Synthesis Report" option in "Analysis and Synthesis Settings -> More Settings" to "Off".


+-------------------------------------------------------------------+
; Parameter Settings for User Entity Instance: alu:ALU_0|mux2:MUX_0 ;
+----------------+-------+------------------------------------------+
; Parameter Name ; Value ; Type                                     ;
+----------------+-------+------------------------------------------+
; N              ; 10    ; Signed Integer                           ;
+----------------+-------+------------------------------------------+
Note: In order to hide this table in the UI and the text report file, please set the "Show Parameter Settings in Synthesis Report" option in "Analysis and Synthesis Settings -> More Settings" to "Off".


+--------------------------------------------------------------------------+
; Parameter Settings for User Entity Instance: alu:ALU_0|flag_circuit:FC_0 ;
+----------------+-------+-------------------------------------------------+
; Parameter Name ; Value ; Type                                            ;
+----------------+-------+-------------------------------------------------+
; N              ; 10    ; Signed Integer                                  ;
+----------------+-------+-------------------------------------------------+
Note: In order to hide this table in the UI and the text report file, please set the "Show Parameter Settings in Synthesis Report" option in "Analysis and Synthesis Settings -> More Settings" to "Off".


+-----------------------------------------------------------+
; Parameter Settings for User Entity Instance: mux4:MUX_LED ;
+----------------+-------+----------------------------------+
; Parameter Name ; Value ; Type                             ;
+----------------+-------+----------------------------------+
; N              ; 10    ; Signed Integer                   ;
+----------------+-------+----------------------------------+
Note: In order to hide this table in the UI and the text report file, please set the "Show Parameter Settings in Synthesis Report" option in "Analysis and Synthesis Settings -> More Settings" to "Off".


+---------------------------------------------------------------+
; Parameter Settings for User Entity Instance: mux4:MUX_DISPLAY ;
+----------------+-------+--------------------------------------+
; Parameter Name ; Value ; Type                                 ;
+----------------+-------+--------------------------------------+
; N              ; 10    ; Signed Integer                       ;
+----------------+-------+--------------------------------------+
Note: In order to hide this table in the UI and the text report file, please set the "Show Parameter Settings in Synthesis Report" option in "Analysis and Synthesis Settings -> More Settings" to "Off".


+------------------------------------------------------+
; Parameter Settings for User Entity Instance: bc:BC_0 ;
+----------------+-------+-----------------------------+
; Parameter Name ; Value ; Type                        ;
+----------------+-------+-----------------------------+
; N              ; 10    ; Signed Integer              ;
+----------------+-------+-----------------------------+
Note: In order to hide this table in the UI and the text report file, please set the "Show Parameter Settings in Synthesis Report" option in "Analysis and Synthesis Settings -> More Settings" to "Off".


+------------------------------------------------------------------+
; Parameter Settings for User Entity Instance: bc:BC_0|mux4:MUX_BC ;
+----------------+-------+-----------------------------------------+
; Parameter Name ; Value ; Type                                    ;
+----------------+-------+-----------------------------------------+
; N              ; 32    ; Signed Integer                          ;
+----------------+-------+-----------------------------------------+
Note: In order to hide this table in the UI and the text report file, please set the "Show Parameter Settings in Synthesis Report" option in "Analysis and Synthesis Settings -> More Settings" to "Off".


+--------------------------------------------------------------------+
; Port Connectivity Checks: "bc:BC_0|bc_signed_oct:BCSO|bc_hex:BH_2" ;
+---------+-------+----------+---------------------------------------+
; Port    ; Type  ; Severity ; Details                               ;
+---------+-------+----------+---------------------------------------+
; B_in[3] ; Input ; Info     ; Stuck at GND                          ;
+---------+-------+----------+---------------------------------------+


+--------------------------------------------------------------------+
; Port Connectivity Checks: "bc:BC_0|bc_signed_oct:BCSO|bc_hex:BH_1" ;
+---------+-------+----------+---------------------------------------+
; Port    ; Type  ; Severity ; Details                               ;
+---------+-------+----------+---------------------------------------+
; B_in[3] ; Input ; Info     ; Stuck at GND                          ;
+---------+-------+----------+---------------------------------------+


+--------------------------------------------------------------------+
; Port Connectivity Checks: "bc:BC_0|bc_signed_oct:BCSO|bc_hex:BH_0" ;
+---------+-------+----------+---------------------------------------+
; Port    ; Type  ; Severity ; Details                               ;
+---------+-------+----------+---------------------------------------+
; B_in[3] ; Input ; Info     ; Stuck at GND                          ;
+---------+-------+----------+---------------------------------------+


+--------------------------------------------------------------------+
; Port Connectivity Checks: "bc:BC_0|bc_signed_hex:BCSH|bc_hex:BH_2" ;
+------------+-------+----------+------------------------------------+
; Port       ; Type  ; Severity ; Details                            ;
+------------+-------+----------+------------------------------------+
; B_in[3..1] ; Input ; Info     ; Stuck at GND                       ;
+------------+-------+----------+------------------------------------+


+----------------------------------------------------------------------+
; Port Connectivity Checks: "bc:BC_0|bc_unsigned_oct:BCUO|bc_hex:BH_3" ;
+------------+-------+----------+--------------------------------------+
; Port       ; Type  ; Severity ; Details                              ;
+------------+-------+----------+--------------------------------------+
; B_in[3..1] ; Input ; Info     ; Stuck at GND                         ;
+------------+-------+----------+--------------------------------------+


+----------------------------------------------------------------------+
; Port Connectivity Checks: "bc:BC_0|bc_unsigned_oct:BCUO|bc_hex:BH_2" ;
+---------+-------+----------+-----------------------------------------+
; Port    ; Type  ; Severity ; Details                                 ;
+---------+-------+----------+-----------------------------------------+
; B_in[3] ; Input ; Info     ; Stuck at GND                            ;
+---------+-------+----------+-----------------------------------------+


+----------------------------------------------------------------------+
; Port Connectivity Checks: "bc:BC_0|bc_unsigned_oct:BCUO|bc_hex:BH_1" ;
+---------+-------+----------+-----------------------------------------+
; Port    ; Type  ; Severity ; Details                                 ;
+---------+-------+----------+-----------------------------------------+
; B_in[3] ; Input ; Info     ; Stuck at GND                            ;
+---------+-------+----------+-----------------------------------------+


+----------------------------------------------------------------------+
; Port Connectivity Checks: "bc:BC_0|bc_unsigned_oct:BCUO|bc_hex:BH_0" ;
+---------+-------+----------+-----------------------------------------+
; Port    ; Type  ; Severity ; Details                                 ;
+---------+-------+----------+-----------------------------------------+
; B_in[3] ; Input ; Info     ; Stuck at GND                            ;
+---------+-------+----------+-----------------------------------------+


+----------------------------------------------------------------------+
; Port Connectivity Checks: "bc:BC_0|bc_unsigned_hex:BCUH|bc_hex:BH_2" ;
+------------+-------+----------+--------------------------------------+
; Port       ; Type  ; Severity ; Details                              ;
+------------+-------+----------+--------------------------------------+
; B_in[3..2] ; Input ; Info     ; Stuck at GND                         ;
+------------+-------+----------+--------------------------------------+


+--------------------------------------------------------------------------+
; Port Connectivity Checks: "alu:ALU_0|arithmetic_module:MOD_0|mux4:B_MUX" ;
+-------------+-------+----------+-----------------------------------------+
; Port        ; Type  ; Severity ; Details                                 ;
+-------------+-------+----------+-----------------------------------------+
; in_10[9..1] ; Input ; Info     ; Stuck at GND                            ;
; in_10[0]    ; Input ; Info     ; Stuck at VCC                            ;
; in_11       ; Input ; Info     ; Stuck at VCC                            ;
+-------------+-------+----------+-----------------------------------------+


+-------------------------------+
; Elapsed Time Per Partition    ;
+----------------+--------------+
; Partition Name ; Elapsed Time ;
+----------------+--------------+
; Top            ; 00:00:01     ;
+----------------+--------------+


+-------------------------------+
; Analysis & Synthesis Messages ;
+-------------------------------+
Info: *******************************************************************
Info: Running Quartus II 64-Bit Analysis & Synthesis
    Info: Version 13.1.0 Build 162 10/23/2013 SJ Web Edition
    Info: Processing started: Tue Jul 04 17:07:08 2023
Info: Command: quartus_map --read_settings_files=on --write_settings_files=off final_prj -c final
Warning (20028): Parallel compilation is not licensed and has been disabled
Info (12021): Found 1 design units, including 1 entities, in source file /users/luand/f/ufsc/20231/ldh/final/src/alu/adder/half_adder.v
    Info (12023): Found entity 1: half_adder
Info (12021): Found 1 design units, including 1 entities, in source file /users/luand/f/ufsc/20231/ldh/final/src/alu/adder/full_adder.v
    Info (12023): Found entity 1: full_adder
Info (12021): Found 1 design units, including 1 entities, in source file /users/luand/f/ufsc/20231/ldh/final/src/alu/adder/adder.v
    Info (12023): Found entity 1: adder
Info (12021): Found 1 design units, including 1 entities, in source file /users/luand/f/ufsc/20231/ldh/final/src/alu/logic_module.v
    Info (12023): Found entity 1: logic_module
Info (12021): Found 1 design units, including 1 entities, in source file /users/luand/f/ufsc/20231/ldh/final/src/alu/flag_circuit.v
    Info (12023): Found entity 1: flag_circuit
Info (12021): Found 1 design units, including 1 entities, in source file /users/luand/f/ufsc/20231/ldh/final/src/alu/arithmetic_module.v
    Info (12023): Found entity 1: arithmetic_module
Info (12021): Found 1 design units, including 1 entities, in source file /users/luand/f/ufsc/20231/ldh/final/src/alu/alu.v
    Info (12023): Found entity 1: alu
Info (12021): Found 1 design units, including 1 entities, in source file /users/luand/f/ufsc/20231/ldh/final/src/bc/bc_unsigned_oct.v
    Info (12023): Found entity 1: bc_unsigned_oct
Info (12021): Found 1 design units, including 1 entities, in source file /users/luand/f/ufsc/20231/ldh/final/src/bc/bc_unsigned_hex.v
    Info (12023): Found entity 1: bc_unsigned_hex
Info (12021): Found 1 design units, including 1 entities, in source file /users/luand/f/ufsc/20231/ldh/final/src/bc/bc_signed_oct.v
    Info (12023): Found entity 1: bc_signed_oct
Info (12021): Found 1 design units, including 1 entities, in source file /users/luand/f/ufsc/20231/ldh/final/src/bc/bc_signed_hex.v
    Info (12023): Found entity 1: bc_signed_hex
Info (12021): Found 1 design units, including 1 entities, in source file /users/luand/f/ufsc/20231/ldh/final/src/bc/bc_hex.v
    Info (12023): Found entity 1: bc_hex
Info (12021): Found 1 design units, including 1 entities, in source file /users/luand/f/ufsc/20231/ldh/final/src/bc/bc.v
    Info (12023): Found entity 1: bc
Info (12021): Found 1 design units, including 1 entities, in source file /users/luand/f/ufsc/20231/ldh/final/src/mux/mux4.v
    Info (12023): Found entity 1: mux4
Info (12021): Found 1 design units, including 1 entities, in source file /users/luand/f/ufsc/20231/ldh/final/src/mux/mux2.v
    Info (12023): Found entity 1: mux2
Warning (10463): Verilog HDL Declaration warning at final.v(1): "final" is SystemVerilog-2005 keyword
Info (12021): Found 1 design units, including 1 entities, in source file /users/luand/f/ufsc/20231/ldh/final/src/final.v
    Info (12023): Found entity 1: final
Info (12127): Elaborating entity "final" for the top level hierarchy
Warning (10235): Verilog HDL Always Construct warning at final.v(16): variable "SWITCH" is read inside the Always Construct but isn't in the Always Construct's Event Control
Warning (10235): Verilog HDL Always Construct warning at final.v(17): variable "SWITCH" is read inside the Always Construct but isn't in the Always Construct's Event Control
Warning (10235): Verilog HDL Always Construct warning at final.v(18): variable "SWITCH" is read inside the Always Construct but isn't in the Always Construct's Event Control
Warning (10240): Verilog HDL Always Construct warning at final.v(15): inferring latch(es) for variable "A_reg", which holds its previous value in one or more paths through the always construct
Warning (10240): Verilog HDL Always Construct warning at final.v(15): inferring latch(es) for variable "B_reg", which holds its previous value in one or more paths through the always construct
Warning (10240): Verilog HDL Always Construct warning at final.v(15): inferring latch(es) for variable "C_reg", which holds its previous value in one or more paths through the always construct
Info (10041): Inferred latch for "C_reg[0]" at final.v(17)
Info (10041): Inferred latch for "C_reg[1]" at final.v(17)
Info (10041): Inferred latch for "C_reg[2]" at final.v(17)
Info (10041): Inferred latch for "C_reg[3]" at final.v(17)
Info (10041): Inferred latch for "C_reg[4]" at final.v(17)
Info (10041): Inferred latch for "C_reg[5]" at final.v(17)
Info (10041): Inferred latch for "C_reg[6]" at final.v(17)
Info (10041): Inferred latch for "C_reg[7]" at final.v(17)
Info (10041): Inferred latch for "C_reg[8]" at final.v(17)
Info (10041): Inferred latch for "C_reg[9]" at final.v(17)
Info (10041): Inferred latch for "B_reg[0]" at final.v(17)
Info (10041): Inferred latch for "B_reg[1]" at final.v(17)
Info (10041): Inferred latch for "B_reg[2]" at final.v(17)
Info (10041): Inferred latch for "B_reg[3]" at final.v(17)
Info (10041): Inferred latch for "B_reg[4]" at final.v(17)
Info (10041): Inferred latch for "B_reg[5]" at final.v(17)
Info (10041): Inferred latch for "B_reg[6]" at final.v(17)
Info (10041): Inferred latch for "B_reg[7]" at final.v(17)
Info (10041): Inferred latch for "B_reg[8]" at final.v(17)
Info (10041): Inferred latch for "B_reg[9]" at final.v(17)
Info (10041): Inferred latch for "A_reg[0]" at final.v(17)
Info (10041): Inferred latch for "A_reg[1]" at final.v(17)
Info (10041): Inferred latch for "A_reg[2]" at final.v(17)
Info (10041): Inferred latch for "A_reg[3]" at final.v(17)
Info (10041): Inferred latch for "A_reg[4]" at final.v(17)
Info (10041): Inferred latch for "A_reg[5]" at final.v(17)
Info (10041): Inferred latch for "A_reg[6]" at final.v(17)
Info (10041): Inferred latch for "A_reg[7]" at final.v(17)
Info (10041): Inferred latch for "A_reg[8]" at final.v(17)
Info (10041): Inferred latch for "A_reg[9]" at final.v(17)
Info (12128): Elaborating entity "alu" for hierarchy "alu:ALU_0"
Info (12128): Elaborating entity "logic_module" for hierarchy "alu:ALU_0|logic_module:MOD_1"
Info (12128): Elaborating entity "mux4" for hierarchy "alu:ALU_0|logic_module:MOD_1|mux4:L_MUX"
Info (12128): Elaborating entity "arithmetic_module" for hierarchy "alu:ALU_0|arithmetic_module:MOD_0"
Warning (10230): Verilog HDL assignment warning at arithmetic_module.v(13): truncated value with size 32 to match size of target (10)
Info (12128): Elaborating entity "adder" for hierarchy "alu:ALU_0|arithmetic_module:MOD_0|adder:ADDER"
Info (12128): Elaborating entity "full_adder" for hierarchy "alu:ALU_0|arithmetic_module:MOD_0|adder:ADDER|full_adder:gen_adder[0].FA"
Info (12128): Elaborating entity "half_adder" for hierarchy "alu:ALU_0|arithmetic_module:MOD_0|adder:ADDER|full_adder:gen_adder[0].FA|half_adder:HA_0"
Info (12128): Elaborating entity "mux2" for hierarchy "alu:ALU_0|mux2:MUX_0"
Info (12128): Elaborating entity "flag_circuit" for hierarchy "alu:ALU_0|flag_circuit:FC_0"
Info (12128): Elaborating entity "bc" for hierarchy "bc:BC_0"
Info (12128): Elaborating entity "bc_unsigned_hex" for hierarchy "bc:BC_0|bc_unsigned_hex:BCUH"
Info (12128): Elaborating entity "bc_hex" for hierarchy "bc:BC_0|bc_unsigned_hex:BCUH|bc_hex:BH_0"
Info (12128): Elaborating entity "bc_unsigned_oct" for hierarchy "bc:BC_0|bc_unsigned_oct:BCUO"
Info (12128): Elaborating entity "bc_signed_hex" for hierarchy "bc:BC_0|bc_signed_hex:BCSH"
Warning (10230): Verilog HDL assignment warning at bc_signed_hex.v(21): truncated value with size 32 to match size of target (8)
Info (12128): Elaborating entity "bc_signed_oct" for hierarchy "bc:BC_0|bc_signed_oct:BCSO"
Warning (10230): Verilog HDL assignment warning at bc_signed_oct.v(21): truncated value with size 32 to match size of target (8)
Info (12128): Elaborating entity "mux4" for hierarchy "bc:BC_0|mux4:MUX_BC"
Warning (13024): Output pins are stuck at VCC or GND
    Warning (13410): Pin "HEX0[7]" is stuck at GND
    Warning (13410): Pin "HEX1[7]" is stuck at GND
    Warning (13410): Pin "HEX2[7]" is stuck at GND
    Warning (13410): Pin "HEX3[6]" is stuck at GND
    Warning (13410): Pin "HEX3[7]" is stuck at GND
Info (286030): Timing-Driven Synthesis is running
Info (16010): Generating hard_block partition "hard_block:auto_generated_inst"
    Info (16011): Adding 0 node(s), including 0 DDIO, 0 PLL, 0 transceiver and 0 LCELL
Info (21057): Implemented 311 device resources after synthesis - the final resource count might be different
    Info (21058): Implemented 13 input pins
    Info (21059): Implemented 42 output pins
    Info (21061): Implemented 256 logic cells
Info: Quartus II 64-Bit Analysis & Synthesis was successful. 0 errors, 17 warnings
    Info: Peak virtual memory: 4616 megabytes
    Info: Processing ended: Tue Jul 04 17:07:11 2023
    Info: Elapsed time: 00:00:03
    Info: Total CPU time (on all processors): 00:00:03


